2022-04-12 21:49:57,143{GMT}	INFO	[jepsen test runner] jepsen.core: Test version 48f94854decc02db3c9b7c84aa60c495dcfba34e (plus uncommitted changes)
2022-04-12 21:49:57,143{GMT}	INFO	[jepsen test runner] jepsen.core: Command line:
lein run test --nodes-file nodes --password slt8375123 --username shilintian
2022-04-12 21:49:57,200{GMT}	INFO	[jepsen test runner] jepsen.core: Running test:
{:remote #jepsen.control.SSHRemote{:session nil}
 :concurrency 5
 :db
 #object[jepsen.db$reify__3444 "0x2c0fefac" "jepsen.db$reify__3444@2c0fefac"]
 :leave-db-running? false
 :name "noop"
 :logging-json? false
 :start-time
 #object[org.joda.time.DateTime "0x26cdd4af" "2022-04-12T21:49:57.000+08:00"]
 :net
 #object[jepsen.net$reify__9085 "0x707f4647" "jepsen.net$reify__9085@707f4647"]
 :client
 #object[jepsen.client$reify__8924
         "0x4b8a0d03"
         "jepsen.client$reify__8924@4b8a0d03"]
 :barrier
 #object[java.util.concurrent.CyclicBarrier
         "0x54f373d4"
         "java.util.concurrent.CyclicBarrier@54f373d4"]
 :pure-generators true
 :ssh
 {:dummy? false,
  :username "shilintian",
  :password "slt8375123",
  :strict-host-key-checking false,
  :private-key-path nil}
 :checker
 #object[jepsen.checker$unbridled_optimism$reify__8609
         "0x1c53bd49"
         "jepsen.checker$unbridled_optimism$reify__8609@1c53bd49"]
 :argv
 ("test"
  "--nodes-file"
  "nodes"
  "--password"
  "slt8375123"
  "--username"
  "shilintian")
 :nemesis
 #object[jepsen.nemesis$reify__9186
         "0x16949dfa"
         "jepsen.nemesis$reify__9186@16949dfa"]
 :active-histories
 #object[clojure.lang.Atom "0x71beada8" {:status :ready, :val #{}}]
 :nodes
 ["cd-a0.disalg.cn"
  "cd-a1.disalg.cn"
  "cd-a2.disalg.cn"
  "cd-a3.disalg.cn"
  "cd-a4.disalg.cn"]
 :test-count 1
 :generator nil
 :os
 #object[jepsen.os$reify__2489 "0x507f47f9" "jepsen.os$reify__2489@507f47f9"]
 :time-limit 60}

2022-04-12 21:49:58,352{GMT}	INFO	[jepsen test runner] jepsen.db: Tearing down DB
2022-04-12 21:49:58,361{GMT}	INFO	[jepsen test runner] jepsen.db: Setting up DB
2022-04-12 21:49:58,371{GMT}	INFO	[jepsen test runner] jepsen.core: Relative time begins now
2022-04-12 21:49:58,399{GMT}	INFO	[jepsen test runner] jepsen.core: Run complete, writing
2022-04-12 21:49:58,411{GMT}	INFO	[jepsen test runner] jepsen.core: Analyzing...
2022-04-12 21:49:58,412{GMT}	INFO	[jepsen test runner] jepsen.core: Analysis complete
2022-04-12 21:49:58,416{GMT}	INFO	[jepsen results] jepsen.store: Wrote /home/shilintian/jepsen.crdt-redis/store/noop/20220412T214957.000+0800/results.edn
2022-04-12 21:49:58,446{GMT}	INFO	[jepsen test runner] jepsen.core: {:valid? true}


Everything looks good! ヽ(‘ー`)ノ
