2022-04-11 10:32:17,368{GMT}	INFO	[jepsen test runner] jepsen.core: Command line:
lein run test --nodes-file nodes --username shilintian --password slt8375123
2022-04-11 10:32:17,399{GMT}	INFO	[jepsen test runner] jepsen.core: Running test:
{:remote #jepsen.control.SSHRemote{:session nil}
 :concurrency 5
 :db
 #object[jepsen.db$reify__3444 "0x2cc61b3b" "jepsen.db$reify__3444@2cc61b3b"]
 :leave-db-running? false
 :name "noop"
 :logging-json? false
 :start-time
 #object[org.joda.time.DateTime "0x3f908bc0" "2022-04-11T10:32:17.000+08:00"]
 :net
 #object[jepsen.net$reify__9085 "0x422ba9b7" "jepsen.net$reify__9085@422ba9b7"]
 :client
 #object[jepsen.client$reify__8924
         "0x26cdd4af"
         "jepsen.client$reify__8924@26cdd4af"]
 :barrier
 #object[java.util.concurrent.CyclicBarrier
         "0x707f4647"
         "java.util.concurrent.CyclicBarrier@707f4647"]
 :pure-generators true
 :ssh
 {:dummy? false,
  :username "shilintian",
  :password "slt8375123",
  :strict-host-key-checking false,
  :private-key-path nil}
 :checker
 #object[jepsen.checker$unbridled_optimism$reify__8609
         "0x4b8a0d03"
         "jepsen.checker$unbridled_optimism$reify__8609@4b8a0d03"]
 :argv
 ("test"
  "--nodes-file"
  "nodes"
  "--username"
  "shilintian"
  "--password"
  "slt8375123")
 :nemesis
 #object[jepsen.nemesis$reify__9186
         "0x54f373d4"
         "jepsen.nemesis$reify__9186@54f373d4"]
 :active-histories
 #object[clojure.lang.Atom "0x42cfd794" {:status :ready, :val #{}}]
 :nodes
 ["cd-a0.disalg.cn"
  "cd-a1.disalg.cn"
  "cd-a2.disalg.cn"
  "cd-a3.disalg.cn"
  "cd-a4.disalg.cn"]
 :test-count 1
 :generator nil
 :os
 #object[jepsen.os$reify__2489 "0x2b3b1124" "jepsen.os$reify__2489@2b3b1124"]
 :time-limit 60}

2022-04-11 10:32:18,778{GMT}	INFO	[jepsen test runner] jepsen.db: Tearing down DB
2022-04-11 10:32:18,798{GMT}	INFO	[jepsen test runner] jepsen.db: Setting up DB
2022-04-11 10:32:18,802{GMT}	INFO	[jepsen test runner] jepsen.core: Relative time begins now
2022-04-11 10:32:18,851{GMT}	INFO	[jepsen test runner] jepsen.core: Run complete, writing
2022-04-11 10:32:18,865{GMT}	INFO	[jepsen test runner] jepsen.core: Analyzing...
2022-04-11 10:32:18,866{GMT}	INFO	[jepsen test runner] jepsen.core: Analysis complete
2022-04-11 10:32:18,869{GMT}	INFO	[jepsen results] jepsen.store: Wrote /home/shilintian/jepsen.crdt-redis/store/noop/20220411T103217.000+0800/results.edn
2022-04-11 10:32:18,902{GMT}	INFO	[jepsen test runner] jepsen.core: {:valid? true}


Everything looks good! ヽ(‘ー`)ノ
