2022-04-12 22:35:33,886{GMT}	INFO	[jepsen test runner] jepsen.core: Test version 48f94854decc02db3c9b7c84aa60c495dcfba34e (plus uncommitted changes)
2022-04-12 22:35:33,887{GMT}	INFO	[jepsen test runner] jepsen.core: Command line:
lein run test --nodes-file nodes --password slt8375123 --username shilintian
2022-04-12 22:35:33,921{GMT}	INFO	[jepsen test runner] jepsen.core: Running test:
{:remote #jepsen.control.SSHRemote{:session nil}
 :concurrency 5
 :db
 #object[jepsen.crdt_redis$db$reify__346
         "0x2986427e"
         "jepsen.crdt_redis$db$reify__346@2986427e"]
 :leave-db-running? false
 :name "crdt-redis"
 :logging-json? false
 :start-time
 #object[org.joda.time.DateTime "0x4a5b38e6" "2022-04-12T22:35:33.000+08:00"]
 :net
 #object[jepsen.net$reify__9100 "0x58583a2d" "jepsen.net$reify__9100@58583a2d"]
 :client
 #object[jepsen.client$reify__8939
         "0x3e8afc2d"
         "jepsen.client$reify__8939@3e8afc2d"]
 :barrier
 #object[java.util.concurrent.CyclicBarrier
         "0x2d172c7"
         "java.util.concurrent.CyclicBarrier@2d172c7"]
 :pure-generators true
 :ssh
 {:dummy? false,
  :username "shilintian",
  :password "slt8375123",
  :strict-host-key-checking false,
  :private-key-path nil}
 :checker
 #object[jepsen.checker$unbridled_optimism$reify__8624
         "0x115ef673"
         "jepsen.checker$unbridled_optimism$reify__8624@115ef673"]
 :argv
 ("test"
  "--nodes-file"
  "nodes"
  "--password"
  "slt8375123"
  "--username"
  "shilintian")
 :nemesis #unprintable "jepsen.nemesis$reify__9203@8ce3f27"
 :active-histories
 #object[clojure.lang.Atom "0x77476fcf" {:status :ready, :val #{}}]
 :nodes
 ["cd-a0.disalg.cn"
  "cd-a1.disalg.cn"
  "cd-a2.disalg.cn"
  "cd-a3.disalg.cn"
  "cd-a4.disalg.cn"]
 :test-count 1
 :generator nil
 :os
 #object[jepsen.os.ubuntu.Ubuntu "0x6b4fd7d" "jepsen.os.ubuntu.Ubuntu@6b4fd7d"]
 :time-limit 60}

2022-04-12 22:35:35,258{GMT}	INFO	[jepsen node cd-a0.disalg.cn] jepsen.os.ubuntu: cd-a0.disalg.cn setting up ubuntu
2022-04-12 22:35:35,258{GMT}	INFO	[jepsen node cd-a2.disalg.cn] jepsen.os.ubuntu: cd-a2.disalg.cn setting up ubuntu
2022-04-12 22:35:35,258{GMT}	INFO	[jepsen node cd-a1.disalg.cn] jepsen.os.ubuntu: cd-a1.disalg.cn setting up ubuntu
2022-04-12 22:35:35,258{GMT}	INFO	[jepsen node cd-a3.disalg.cn] jepsen.os.ubuntu: cd-a3.disalg.cn setting up ubuntu
2022-04-12 22:35:35,262{GMT}	INFO	[jepsen node cd-a4.disalg.cn] jepsen.os.ubuntu: cd-a4.disalg.cn setting up ubuntu
2022-04-12 22:35:36,163{GMT}	INFO	[jepsen test runner] jepsen.db: Tearing down DB
2022-04-12 22:35:36,164{GMT}	INFO	[jepsen node cd-a0.disalg.cn] jepsen.crdt-redis: cd-a0.disalg.cn tearing down etcd
2022-04-12 22:35:36,165{GMT}	INFO	[jepsen node cd-a1.disalg.cn] jepsen.crdt-redis: cd-a1.disalg.cn tearing down etcd
2022-04-12 22:35:36,166{GMT}	INFO	[jepsen node cd-a2.disalg.cn] jepsen.crdt-redis: cd-a2.disalg.cn tearing down etcd
2022-04-12 22:35:36,167{GMT}	INFO	[jepsen node cd-a3.disalg.cn] jepsen.crdt-redis: cd-a3.disalg.cn tearing down etcd
2022-04-12 22:35:36,176{GMT}	INFO	[jepsen node cd-a4.disalg.cn] jepsen.crdt-redis: cd-a4.disalg.cn tearing down etcd
2022-04-12 22:35:36,178{GMT}	INFO	[jepsen test runner] jepsen.db: Setting up DB
2022-04-12 22:35:36,180{GMT}	INFO	[jepsen node cd-a1.disalg.cn] jepsen.crdt-redis: cd-a1.disalg.cn installing etcd v3.1.5
2022-04-12 22:35:36,180{GMT}	INFO	[jepsen node cd-a0.disalg.cn] jepsen.crdt-redis: cd-a0.disalg.cn installing etcd v3.1.5
2022-04-12 22:35:36,181{GMT}	INFO	[jepsen node cd-a2.disalg.cn] jepsen.crdt-redis: cd-a2.disalg.cn installing etcd v3.1.5
2022-04-12 22:35:36,181{GMT}	INFO	[jepsen node cd-a3.disalg.cn] jepsen.crdt-redis: cd-a3.disalg.cn installing etcd v3.1.5
2022-04-12 22:35:36,185{GMT}	INFO	[jepsen node cd-a4.disalg.cn] jepsen.crdt-redis: cd-a4.disalg.cn installing etcd v3.1.5
2022-04-12 22:35:36,186{GMT}	INFO	[jepsen test runner] jepsen.core: Relative time begins now
2022-04-12 22:35:36,211{GMT}	INFO	[jepsen test runner] jepsen.core: Run complete, writing
2022-04-12 22:35:36,228{GMT}	INFO	[jepsen test runner] jepsen.core: Analyzing...
2022-04-12 22:35:36,228{GMT}	INFO	[jepsen test runner] jepsen.core: Analysis complete
2022-04-12 22:35:36,234{GMT}	INFO	[jepsen results] jepsen.store: Wrote /home/shilintian/jepsen.crdt-redis/store/crdt-redis/20220412T223533.000+0800/results.edn
2022-04-12 22:35:36,255{GMT}	INFO	[jepsen node cd-a1.disalg.cn] jepsen.crdt-redis: cd-a1.disalg.cn tearing down etcd
2022-04-12 22:35:36,255{GMT}	INFO	[jepsen node cd-a0.disalg.cn] jepsen.crdt-redis: cd-a0.disalg.cn tearing down etcd
2022-04-12 22:35:36,256{GMT}	INFO	[jepsen node cd-a2.disalg.cn] jepsen.crdt-redis: cd-a2.disalg.cn tearing down etcd
2022-04-12 22:35:36,257{GMT}	INFO	[jepsen node cd-a3.disalg.cn] jepsen.crdt-redis: cd-a3.disalg.cn tearing down etcd
2022-04-12 22:35:36,258{GMT}	INFO	[jepsen node cd-a4.disalg.cn] jepsen.crdt-redis: cd-a4.disalg.cn tearing down etcd
2022-04-12 22:35:36,283{GMT}	INFO	[jepsen test runner] jepsen.core: {:valid? true}


Everything looks good! ヽ(‘ー`)ノ
