2022-04-12 21:51:30,419{GMT}	INFO	[jepsen test runner] jepsen.core: Test version 48f94854decc02db3c9b7c84aa60c495dcfba34e (plus uncommitted changes)
2022-04-12 21:51:30,420{GMT}	INFO	[jepsen test runner] jepsen.core: Command line:
lein run test --nodes-file nodes --password slt8375123 --username shilintian
2022-04-12 21:51:30,450{GMT}	INFO	[jepsen test runner] jepsen.core: Running test:
{:remote #jepsen.control.SSHRemote{:session nil}
 :concurrency 5
 :db
 #object[jepsen.db$reify__3444 "0x6cb194f5" "jepsen.db$reify__3444@6cb194f5"]
 :leave-db-running? false
 :name "noop"
 :logging-json? false
 :start-time
 #object[org.joda.time.DateTime "0x93fb44" "2022-04-12T21:51:30.000+08:00"]
 :net
 #object[jepsen.net$reify__9085 "0x321c2a7" "jepsen.net$reify__9085@321c2a7"]
 :client
 #object[jepsen.client$reify__8924
         "0x14b48f39"
         "jepsen.client$reify__8924@14b48f39"]
 :barrier
 #object[java.util.concurrent.CyclicBarrier
         "0x13d1f898"
         "java.util.concurrent.CyclicBarrier@13d1f898"]
 :pure-generators true
 :ssh
 {:dummy? false,
  :username "shilintian",
  :password "slt8375123",
  :strict-host-key-checking false,
  :private-key-path nil}
 :checker
 #object[jepsen.checker$unbridled_optimism$reify__8609
         "0xc87787d"
         "jepsen.checker$unbridled_optimism$reify__8609@c87787d"]
 :argv
 ("test"
  "--nodes-file"
  "nodes"
  "--password"
  "slt8375123"
  "--username"
  "shilintian")
 :nemesis
 #object[jepsen.nemesis$reify__9186
         "0x1bea7b0"
         "jepsen.nemesis$reify__9186@1bea7b0"]
 :active-histories
 #object[clojure.lang.Atom "0x6e4e60f5" {:status :ready, :val #{}}]
 :nodes
 ["cd-a0.disalg.cn"
  "cd-a1.disalg.cn"
  "cd-a2.disalg.cn"
  "cd-a3.disalg.cn"
  "cd-a4.disalg.cn"]
 :test-count 1
 :generator nil
 :os
 #object[jepsen.os$reify__2489 "0x72ceafeb" "jepsen.os$reify__2489@72ceafeb"]
 :time-limit 60}

2022-04-12 21:51:31,496{GMT}	INFO	[jepsen test runner] jepsen.db: Tearing down DB
2022-04-12 21:51:31,509{GMT}	INFO	[jepsen test runner] jepsen.db: Setting up DB
2022-04-12 21:51:31,523{GMT}	INFO	[jepsen test runner] jepsen.core: Relative time begins now
2022-04-12 21:51:31,571{GMT}	INFO	[jepsen test runner] jepsen.core: Run complete, writing
2022-04-12 21:51:31,583{GMT}	INFO	[jepsen test runner] jepsen.core: Analyzing...
2022-04-12 21:51:31,584{GMT}	INFO	[jepsen test runner] jepsen.core: Analysis complete
2022-04-12 21:51:31,587{GMT}	INFO	[jepsen results] jepsen.store: Wrote /home/shilintian/jepsen.crdt-redis/store/noop/20220412T215130.000+0800/results.edn
2022-04-12 21:51:31,624{GMT}	INFO	[jepsen test runner] jepsen.core: {:valid? true}


Everything looks good! ヽ(‘ー`)ノ
